[1122/173206:ERROR:process_reader_win.cc(142)] SuspendThread: Access is denied. (0x5)
[1122/173206:ERROR:exception_snapshot_win.cc(87)] thread ID 65444 not found in process
[1122/173206:WARNING:crash_report_exception_handler.cc(56)] ProcessSnapshotWin::Initialize failed
[1122/173438:ERROR:process_info.cc(608)] range at 0xff08d000, size 0x230 fully unreadable
[1122/173438:ERROR:process_info.cc(608)] range at 0xff08c000, size 0xf84 fully unreadable
[1122/173438:ERROR:process_info.cc(608)] range at 0xff089000, size 0xf84 fully unreadable
[1122/173438:ERROR:process_info.cc(608)] range at 0xfef5f000, size 0xf84 fully unreadable
[1122/173438:ERROR:process_info.cc(608)] range at 0xfef5c000, size 0xf84 fully unreadable
[1130/172159:ERROR:process_info.cc(608)] range at 0xfe9ef000, size 0x230 fully unreadable
[1130/172159:ERROR:process_info.cc(608)] range at 0xfe9ee000, size 0xf84 fully unreadable
[1130/172159:ERROR:process_info.cc(608)] range at 0xfe9eb000, size 0xf84 fully unreadable
[1130/172159:ERROR:process_info.cc(608)] range at 0xfe9e5000, size 0xf84 fully unreadable
[1130/172159:ERROR:process_info.cc(608)] range at 0xfe8bf000, size 0xf84 fully unreadable
[1130/172159:ERROR:process_info.cc(608)] range at 0xfe8bc000, size 0xf84 fully unreadable
[1130/172159:ERROR:process_info.cc(608)] range at 0xfe8b9000, size 0xf84 fully unreadable
[1130/172159:ERROR:process_info.cc(608)] range at 0xfe8b6000, size 0xf84 fully unreadable
[1130/172159:ERROR:process_info.cc(608)] range at 0xfe8b3000, size 0xf84 fully unreadable
[1130/172159:ERROR:process_info.cc(608)] range at 0xfe8b0000, size 0xf84 fully unreadable
[1130/172159:ERROR:process_info.cc(608)] range at 0xfe8ad000, size 0xf84 fully unreadable
[1130/172159:ERROR:process_info.cc(608)] range at 0xfe8aa000, size 0xf84 fully unreadable
[1130/172159:ERROR:process_info.cc(608)] range at 0xfe8a7000, size 0xf84 fully unreadable
[1201/174709:ERROR:process_reader_win.cc(142)] SuspendThread: Access is denied. (0x5)
[1201/174710:ERROR:process_reader_win.cc(142)] SuspendThread: Access is denied. (0x5)
[1201/174710:ERROR:exception_snapshot_win.cc(87)] thread ID 20052 not found in process
[1201/174710:WARNING:crash_report_exception_handler.cc(56)] ProcessSnapshotWin::Initialize failed
[1202/170743:ERROR:process_info.cc(608)] range at 0xff8df000, size 0x230 fully unreadable
[1202/170744:ERROR:process_info.cc(608)] range at 0xff8de000, size 0xf84 fully unreadable
[1202/170744:ERROR:process_info.cc(608)] range at 0xff8d8000, size 0xf84 fully unreadable
[1202/170744:ERROR:process_info.cc(608)] range at 0xff8d5000, size 0xf84 fully unreadable
[1202/170744:ERROR:process_info.cc(608)] range at 0xff7af000, size 0xf84 fully unreadable
[1202/170744:ERROR:process_info.cc(608)] range at 0xff7ac000, size 0xf84 fully unreadable
[1202/170744:ERROR:process_info.cc(608)] range at 0xff7a9000, size 0xf84 fully unreadable
[1202/170744:ERROR:process_info.cc(608)] range at 0xff7a6000, size 0xf84 fully unreadable
[1202/170744:ERROR:process_info.cc(608)] range at 0xff7a3000, size 0xf84 fully unreadable
[1202/170744:ERROR:process_info.cc(608)] range at 0xff7a0000, size 0xf84 fully unreadable
[1202/170744:ERROR:process_info.cc(608)] range at 0xff79d000, size 0xf84 fully unreadable
[1202/170744:ERROR:process_info.cc(608)] range at 0xff79a000, size 0xf84 fully unreadable
[1202/170744:ERROR:process_info.cc(608)] range at 0xff797000, size 0xf84 fully unreadable
[1202/170744:ERROR:process_info.cc(608)] range at 0xfebf4000, size 0x230 fully unreadable
[1202/170744:ERROR:process_info.cc(608)] range at 0xfebfe000, size 0xf84 fully unreadable
[1202/170744:ERROR:process_info.cc(608)] range at 0xfebfb000, size 0xf84 fully unreadable
[1202/170744:ERROR:process_info.cc(608)] range at 0xfebf8000, size 0xf84 fully unreadable
[1202/170744:ERROR:process_info.cc(608)] range at 0xfeacf000, size 0xf84 fully unreadable
[1202/170744:ERROR:process_info.cc(608)] range at 0xfeacc000, size 0xf84 fully unreadable
[1202/170744:ERROR:process_info.cc(608)] range at 0xfeac9000, size 0xf84 fully unreadable
[1202/170744:ERROR:process_info.cc(608)] range at 0xfeac6000, size 0xf84 fully unreadable
[1202/170744:ERROR:process_info.cc(608)] range at 0xfeac3000, size 0xf84 fully unreadable
[1202/170744:ERROR:process_info.cc(608)] range at 0xfeac0000, size 0xf84 fully unreadable
[1202/170744:ERROR:process_info.cc(608)] range at 0xfeabd000, size 0xf84 fully unreadable
[1202/170744:ERROR:process_info.cc(608)] range at 0xfeaba000, size 0xf84 fully unreadable
[1202/170744:ERROR:process_info.cc(608)] range at 0xfeab7000, size 0xf84 fully unreadable
[1202/170744:ERROR:process_info.cc(608)] range at 0xfeab4000, size 0xf84 fully unreadable
[1202/170744:ERROR:process_info.cc(608)] range at 0xfeab1000, size 0xf84 fully unreadable
[1202/170744:ERROR:process_info.cc(608)] range at 0xfeaae000, size 0xf84 fully unreadable
[1202/170744:ERROR:process_info.cc(608)] range at 0xfeaab000, size 0xf84 fully unreadable
[1205/163013:ERROR:process_info.cc(608)] range at 0xfef5f000, size 0x230 fully unreadable
[1205/163014:ERROR:process_info.cc(608)] range at 0xfef5e000, size 0xf84 fully unreadable
[1205/163014:ERROR:process_info.cc(608)] range at 0xfef5b000, size 0xf84 fully unreadable
[1205/163014:ERROR:process_info.cc(608)] range at 0xfef58000, size 0xf84 fully unreadable
[1205/163014:ERROR:process_info.cc(608)] range at 0xfee2f000, size 0xf84 fully unreadable
[1205/163014:ERROR:process_info.cc(608)] range at 0xfee2c000, size 0xf84 fully unreadable
[1205/163014:ERROR:process_info.cc(608)] range at 0xfee29000, size 0xf84 fully unreadable
[1205/163014:ERROR:process_info.cc(608)] range at 0xfee26000, size 0xf84 fully unreadable
[1205/163014:ERROR:process_info.cc(608)] range at 0xfee23000, size 0xf84 fully unreadable
[1205/163014:ERROR:process_info.cc(608)] range at 0xfee20000, size 0xf84 fully unreadable
[1205/163014:ERROR:process_info.cc(608)] range at 0xfee1d000, size 0xf84 fully unreadable
[1205/163014:ERROR:process_info.cc(608)] range at 0xfee1a000, size 0xf84 fully unreadable
[1205/163014:ERROR:process_info.cc(608)] range at 0xfee17000, size 0xf84 fully unreadable
[1206/171225:ERROR:scoped_process_suspend.cc(30)] NtSuspendProcess: An attempt was made to access an exiting process.  (0xc000010a)
[1206/171226:ERROR:process_info.cc(103)] ReadProcessMemory bool __cdecl crashpad::`anonymous-namespace'::ReadStruct<struct crashpad::process_types::PEB<struct crashpad::process_types::internal::Traits32>>(void *,unsigned __int64,struct crashpad::process_types::PEB<struct crashpad::process_types::internal::Traits32> *): Only part of a ReadProcessMemory or WriteProcessMemory request was completed. (0x12B)
[1206/171226:ERROR:process_info.cc(542)] ReadProcessData failed
[1206/171226:ERROR:process_reader_win.cc(233)] ReadMemory at 0x15095ec of 12 bytes failed: Only part of a ReadProcessMemory or WriteProcessMemory request was completed. (0x12B)
[1206/171226:WARNING:process_snapshot_win.cc(68)] ReadMemory ExceptionInformation failed
[1206/171226:WARNING:crash_report_exception_handler.cc(56)] ProcessSnapshotWin::Initialize failed
[1206/171225:ERROR:scoped_process_suspend.cc(30)] NtSuspendProcess: An attempt was made to access an exiting process.  (0xc000010a)
[1206/171227:ERROR:process_info.cc(103)] ReadProcessMemory bool __cdecl crashpad::`anonymous-namespace'::ReadStruct<struct crashpad::process_types::PEB<struct crashpad::process_types::internal::Traits32>>(void *,unsigned __int64,struct crashpad::process_types::PEB<struct crashpad::process_types::internal::Traits32> *): Only part of a ReadProcessMemory or WriteProcessMemory request was completed. (0x12B)
[1206/171227:ERROR:process_info.cc(542)] ReadProcessData failed
[1206/171227:ERROR:process_reader_win.cc(233)] ReadMemory at 0x15095ec of 12 bytes failed: Only part of a ReadProcessMemory or WriteProcessMemory request was completed. (0x12B)
[1206/171227:WARNING:process_snapshot_win.cc(68)] ReadMemory ExceptionInformation failed
[1206/171227:WARNING:crash_report_exception_handler.cc(56)] ProcessSnapshotWin::Initialize failed
[1206/171749:ERROR:process_info.cc(608)] range at 0xfef2f000, size 0x230 fully unreadable
[1206/171749:ERROR:process_info.cc(608)] range at 0xff36f000, size 0x230 fully unreadable
[1206/171749:ERROR:process_info.cc(608)] range at 0xfef2e000, size 0xf84 fully unreadable
[1206/171749:ERROR:process_info.cc(608)] range at 0xff36e000, size 0xf84 fully unreadable
[1206/171749:ERROR:process_info.cc(608)] range at 0xfef2b000, size 0xf84 fully unreadable
[1206/171749:ERROR:process_info.cc(608)] range at 0xff36b000, size 0xf84 fully unreadable
[1206/171749:ERROR:process_info.cc(608)] range at 0xfef28000, size 0xf84 fully unreadable
[1206/171749:ERROR:process_info.cc(608)] range at 0xff365000, size 0xf84 fully unreadable
[1206/171749:ERROR:process_info.cc(608)] range at 0xfedff000, size 0xf84 fully unreadable
[1206/171749:ERROR:process_info.cc(608)] range at 0xff23f000, size 0xf84 fully unreadable
[1206/171749:ERROR:process_info.cc(608)] range at 0xfedfc000, size 0xf84 fully unreadable
[1206/171749:ERROR:process_info.cc(608)] range at 0xff23c000, size 0xf84 fully unreadable
[1206/171749:ERROR:process_info.cc(608)] range at 0xfedf9000, size 0xf84 fully unreadable
[1206/171749:ERROR:process_info.cc(608)] range at 0xff239000, size 0xf84 fully unreadable
[1206/171749:ERROR:process_info.cc(608)] range at 0xfedf6000, size 0xf84 fully unreadable
[1206/171749:ERROR:process_info.cc(608)] range at 0xff236000, size 0xf84 fully unreadable
[1206/171749:ERROR:process_info.cc(608)] range at 0xfedf3000, size 0xf84 fully unreadable
[1206/171749:ERROR:process_info.cc(608)] range at 0xff233000, size 0xf84 fully unreadable
[1206/171749:ERROR:process_info.cc(608)] range at 0xfedf0000, size 0xf84 fully unreadable
[1206/171749:ERROR:process_info.cc(608)] range at 0xff230000, size 0xf84 fully unreadable
[1206/171749:ERROR:process_info.cc(608)] range at 0xfeded000, size 0xf84 fully unreadable
[1206/171749:ERROR:process_info.cc(608)] range at 0xff22d000, size 0xf84 fully unreadable
[1206/171749:ERROR:process_info.cc(608)] range at 0xff22a000, size 0xf84 fully unreadable
[1206/171749:ERROR:process_info.cc(608)] range at 0xfedea000, size 0xf84 fully unreadable
[1206/171749:ERROR:process_info.cc(608)] range at 0xff227000, size 0xf84 fully unreadable
[1206/171749:ERROR:process_info.cc(608)] range at 0xfede7000, size 0xf84 fully unreadable
[1207/170922:ERROR:process_info.cc(608)] range at 0xfe9dd000, size 0x230 fully unreadable
[1207/170923:ERROR:process_info.cc(608)] range at 0xfe9db000, size 0xf84 fully unreadable
[1207/170923:ERROR:process_info.cc(608)] range at 0xfe9d8000, size 0xf84 fully unreadable
[1207/170923:ERROR:process_info.cc(608)] range at 0xfe9d5000, size 0xf84 fully unreadable
[1207/170923:ERROR:process_info.cc(608)] range at 0xfe8af000, size 0xf84 fully unreadable
[1207/170923:ERROR:process_info.cc(608)] range at 0xfe8ac000, size 0xf84 fully unreadable
[1207/170923:ERROR:process_info.cc(608)] range at 0xfe8a9000, size 0xf84 fully unreadable
[1207/170923:ERROR:process_info.cc(608)] range at 0xfe8a6000, size 0xf84 fully unreadable
[1207/170923:ERROR:process_info.cc(608)] range at 0xfe8a3000, size 0xf84 fully unreadable
[1207/170923:ERROR:process_info.cc(608)] range at 0xfe8a0000, size 0xf84 fully unreadable
[1207/170923:ERROR:process_info.cc(608)] range at 0xfe89d000, size 0xf84 fully unreadable
[1207/170923:ERROR:process_info.cc(608)] range at 0xfe89a000, size 0xf84 fully unreadable
[1207/170923:ERROR:process_info.cc(608)] range at 0xfe897000, size 0xf84 fully unreadable
[1207/170923:ERROR:process_info.cc(608)] range at 0xfe894000, size 0xf84 fully unreadable
[1207/170923:ERROR:process_info.cc(608)] range at 0xfe891000, size 0xf84 fully unreadable
[1207/170923:ERROR:process_info.cc(608)] range at 0xfe88e000, size 0xf84 fully unreadable
[1207/170923:ERROR:process_info.cc(608)] range at 0xfe88b000, size 0xf84 fully unreadable
[1207/170923:ERROR:process_info.cc(608)] range at 0xff993000, size 0x230 fully unreadable
[1207/170923:ERROR:process_info.cc(608)] range at 0xff99f000, size 0xf84 fully unreadable
[1207/170923:ERROR:process_info.cc(608)] range at 0xff99c000, size 0xf84 fully unreadable
[1207/170923:ERROR:process_info.cc(608)] range at 0xff997000, size 0xf84 fully unreadable
[1207/170923:ERROR:process_info.cc(608)] range at 0xff86f000, size 0xf84 fully unreadable
[1207/170923:ERROR:process_info.cc(608)] range at 0xff86c000, size 0xf84 fully unreadable
[1207/170923:ERROR:process_info.cc(608)] range at 0xff869000, size 0xf84 fully unreadable
[1207/170923:ERROR:process_info.cc(608)] range at 0xff866000, size 0xf84 fully unreadable
[1207/170923:ERROR:process_info.cc(608)] range at 0xff863000, size 0xf84 fully unreadable
[1207/170923:ERROR:process_info.cc(608)] range at 0xff860000, size 0xf84 fully unreadable
[1207/170923:ERROR:process_info.cc(608)] range at 0xff85d000, size 0xf84 fully unreadable
[1207/170923:ERROR:process_info.cc(608)] range at 0xff85a000, size 0xf84 fully unreadable
[1207/170923:ERROR:process_info.cc(608)] range at 0xff857000, size 0xf84 fully unreadable
[1208/173332:ERROR:process_reader_win.cc(142)] SuspendThread: Access is denied. (0x5)
[1208/173334:ERROR:process_reader_win.cc(142)] SuspendThread: Access is denied. (0x5)
[1208/173334:ERROR:process_reader_win.cc(142)] SuspendThread: Access is denied. (0x5)
[1208/173334:ERROR:process_reader_win.cc(142)] SuspendThread: Access is denied. (0x5)
[1208/173334:ERROR:process_reader_win.cc(142)] SuspendThread: Access is denied. (0x5)
[1208/173334:ERROR:process_reader_win.cc(142)] SuspendThread: Access is denied. (0x5)
[1208/173334:ERROR:process_reader_win.cc(142)] SuspendThread: Access is denied. (0x5)
[1208/173334:ERROR:process_reader_win.cc(142)] SuspendThread: Access is denied. (0x5)
[1208/173334:ERROR:exception_snapshot_win.cc(87)] thread ID 56588 not found in process
[1208/173334:WARNING:crash_report_exception_handler.cc(56)] ProcessSnapshotWin::Initialize failed
[1212/173137:ERROR:process_info.cc(608)] range at 0xff9cb000, size 0x230 fully unreadable
[1212/173139:ERROR:process_info.cc(608)] range at 0xff9cf000, size 0xf84 fully unreadable
[1212/173139:ERROR:process_info.cc(608)] range at 0xff9ca000, size 0xf84 fully unreadable
[1212/173139:ERROR:process_info.cc(608)] range at 0xff89f000, size 0xf84 fully unreadable
[1212/173139:ERROR:process_info.cc(608)] range at 0xff89c000, size 0xf84 fully unreadable
[1212/173139:ERROR:process_info.cc(608)] range at 0xff899000, size 0xf84 fully unreadable
[1212/173139:ERROR:process_info.cc(608)] range at 0xff896000, size 0xf84 fully unreadable
[1212/173139:ERROR:process_info.cc(608)] range at 0xff893000, size 0xf84 fully unreadable
[1212/173139:ERROR:process_info.cc(608)] range at 0xff890000, size 0xf84 fully unreadable
[1212/173139:ERROR:process_info.cc(608)] range at 0xff88d000, size 0xf84 fully unreadable
[1212/173139:ERROR:process_info.cc(608)] range at 0xff88a000, size 0xf84 fully unreadable
[1212/173139:ERROR:process_info.cc(608)] range at 0xff887000, size 0xf84 fully unreadable
[1212/173139:ERROR:process_info.cc(608)] range at 0xff884000, size 0xf84 fully unreadable
[1212/173145:ERROR:process_info.cc(608)] range at 0xfebda000, size 0x230 fully unreadable
[1212/173146:ERROR:process_info.cc(608)] range at 0xfebdd000, size 0xf84 fully unreadable
[1212/173146:ERROR:process_info.cc(608)] range at 0xfebd9000, size 0xf84 fully unreadable
[1212/173146:ERROR:process_info.cc(608)] range at 0xfebd6000, size 0xf84 fully unreadable
[1212/173146:ERROR:process_info.cc(608)] range at 0xfeaaf000, size 0xf84 fully unreadable
[1212/173146:ERROR:process_info.cc(608)] range at 0xfeaac000, size 0xf84 fully unreadable
[1212/173146:ERROR:process_info.cc(608)] range at 0xfeaa9000, size 0xf84 fully unreadable
[1212/173146:ERROR:process_info.cc(608)] range at 0xfeaa6000, size 0xf84 fully unreadable
[1212/173146:ERROR:process_info.cc(608)] range at 0xfeaa3000, size 0xf84 fully unreadable
[1212/173146:ERROR:process_info.cc(608)] range at 0xfeaa0000, size 0xf84 fully unreadable
[1212/173146:ERROR:process_info.cc(608)] range at 0xfea9d000, size 0xf84 fully unreadable
[1212/173146:ERROR:process_info.cc(608)] range at 0xfea9a000, size 0xf84 fully unreadable
[1212/173146:ERROR:process_info.cc(608)] range at 0xfea97000, size 0xf84 fully unreadable
[1212/174040:ERROR:process_info.cc(608)] range at 0xff5b8000, size 0x230 fully unreadable
[1212/174040:ERROR:process_info.cc(608)] range at 0xff61b000, size 0x230 fully unreadable
[1212/174127:ERROR:process_info.cc(608)] range at 0xff61f000, size 0xf84 fully unreadable
[1212/174127:ERROR:process_info.cc(608)] range at 0xff619000, size 0xf84 fully unreadable
[1212/174127:ERROR:process_info.cc(608)] range at 0xff616000, size 0xf84 fully unreadable
[1212/174127:ERROR:process_info.cc(608)] range at 0xff4ef000, size 0xf84 fully unreadable
[1212/174127:ERROR:process_info.cc(608)] range at 0xff4ec000, size 0xf84 fully unreadable
[1212/174127:ERROR:process_info.cc(608)] range at 0xff4e9000, size 0xf84 fully unreadable
[1212/174127:ERROR:process_info.cc(608)] range at 0xff4e6000, size 0xf84 fully unreadable
[1212/174127:ERROR:process_info.cc(608)] range at 0xff4e3000, size 0xf84 fully unreadable
[1212/174127:ERROR:process_info.cc(608)] range at 0xff4e0000, size 0xf84 fully unreadable
[1212/174127:ERROR:process_info.cc(608)] range at 0xff4dd000, size 0xf84 fully unreadable
[1212/174127:ERROR:process_info.cc(608)] range at 0xff4da000, size 0xf84 fully unreadable
[1212/174127:ERROR:process_info.cc(608)] range at 0xff4d7000, size 0xf84 fully unreadable
[1212/174127:ERROR:process_info.cc(608)] range at 0xff5be000, size 0xf84 fully unreadable
[1212/174127:ERROR:process_info.cc(608)] range at 0xff5bb000, size 0xf84 fully unreadable
[1212/174127:ERROR:process_info.cc(608)] range at 0xff5b7000, size 0xf84 fully unreadable
[1212/174127:ERROR:process_info.cc(608)] range at 0xff48f000, size 0xf84 fully unreadable
[1212/174127:ERROR:process_info.cc(608)] range at 0xff48c000, size 0xf84 fully unreadable
[1212/174127:ERROR:process_info.cc(608)] range at 0xff489000, size 0xf84 fully unreadable
[1212/174127:ERROR:process_info.cc(608)] range at 0xff486000, size 0xf84 fully unreadable
[1212/174127:ERROR:process_info.cc(608)] range at 0xff483000, size 0xf84 fully unreadable
[1212/174127:ERROR:process_info.cc(608)] range at 0xff480000, size 0xf84 fully unreadable
[1212/174127:ERROR:process_info.cc(608)] range at 0xff47d000, size 0xf84 fully unreadable
[1212/174127:ERROR:process_info.cc(608)] range at 0xff47a000, size 0xf84 fully unreadable
[1212/174127:ERROR:process_info.cc(608)] range at 0xff477000, size 0xf84 fully unreadable
[1213/172814:ERROR:process_reader_win.cc(142)] SuspendThread: Access is denied. (0x5)
[1213/172815:ERROR:process_reader_win.cc(142)] SuspendThread: Access is denied. (0x5)
[1213/172815:ERROR:process_reader_win.cc(142)] SuspendThread: Access is denied. (0x5)
[1213/172815:ERROR:process_reader_win.cc(142)] SuspendThread: Access is denied. (0x5)
[1213/172815:ERROR:process_reader_win.cc(142)] SuspendThread: Access is denied. (0x5)
[1213/172815:ERROR:process_reader_win.cc(142)] SuspendThread: Access is denied. (0x5)
[1213/172815:ERROR:process_reader_win.cc(142)] SuspendThread: Access is denied. (0x5)
[1213/172815:ERROR:process_reader_win.cc(142)] SuspendThread: Access is denied. (0x5)
[1213/172815:ERROR:exception_snapshot_win.cc(87)] thread ID 51332 not found in process
[1213/172815:WARNING:crash_report_exception_handler.cc(56)] ProcessSnapshotWin::Initialize failed
[1215/164344:ERROR:process_reader_win.cc(142)] SuspendThread: Access is denied. (0x5)
[1215/164344:ERROR:process_reader_win.cc(142)] SuspendThread: Access is denied. (0x5)
[1215/164344:ERROR:process_reader_win.cc(142)] SuspendThread: Access is denied. (0x5)
[1215/164344:ERROR:process_reader_win.cc(142)] SuspendThread: Access is denied. (0x5)
[1215/164345:ERROR:process_reader_win.cc(142)] SuspendThread: Access is denied. (0x5)
[1215/164345:ERROR:process_reader_win.cc(142)] SuspendThread: Access is denied. (0x5)
[1215/164345:ERROR:process_reader_win.cc(142)] SuspendThread: Access is denied. (0x5)
[1215/164345:ERROR:process_reader_win.cc(142)] SuspendThread: Access is denied. (0x5)
[1215/164345:ERROR:process_reader_win.cc(142)] SuspendThread: Access is denied. (0x5)
[1215/164345:ERROR:process_reader_win.cc(142)] SuspendThread: Access is denied. (0x5)
[1215/164345:ERROR:process_reader_win.cc(142)] SuspendThread: Access is denied. (0x5)
[1215/164345:ERROR:process_reader_win.cc(142)] SuspendThread: Access is denied. (0x5)
[1215/164345:ERROR:process_reader_win.cc(142)] SuspendThread: Access is denied. (0x5)
[1215/164345:ERROR:process_reader_win.cc(142)] SuspendThread: Access is denied. (0x5)
[1215/164345:ERROR:process_reader_win.cc(142)] SuspendThread: Access is denied. (0x5)
[1215/164345:ERROR:process_reader_win.cc(142)] SuspendThread: Access is denied. (0x5)
[1215/164345:ERROR:process_reader_win.cc(142)] SuspendThread: Access is denied. (0x5)
[1215/164345:ERROR:process_reader_win.cc(142)] SuspendThread: Access is denied. (0x5)
[1215/164345:ERROR:process_reader_win.cc(142)] SuspendThread: Access is denied. (0x5)
[1215/164345:ERROR:process_reader_win.cc(142)] SuspendThread: Access is denied. (0x5)
[1215/164345:ERROR:process_reader_win.cc(142)] SuspendThread: Access is denied. (0x5)
[1215/164345:ERROR:process_reader_win.cc(142)] SuspendThread: Access is denied. (0x5)
[1215/164345:ERROR:process_reader_win.cc(142)] SuspendThread: Access is denied. (0x5)
[1215/164345:ERROR:process_reader_win.cc(142)] SuspendThread: Access is denied. (0x5)
[1215/164345:ERROR:process_reader_win.cc(142)] SuspendThread: Access is denied. (0x5)
[1215/164345:ERROR:process_reader_win.cc(142)] SuspendThread: Access is denied. (0x5)
[1215/164345:ERROR:process_reader_win.cc(142)] SuspendThread: Access is denied. (0x5)
[1215/164345:ERROR:process_reader_win.cc(142)] SuspendThread: Access is denied. (0x5)
[1215/164345:ERROR:process_reader_win.cc(142)] SuspendThread: Access is denied. (0x5)
[1215/164345:ERROR:exception_snapshot_win.cc(87)] thread ID 37528 not found in process
[1215/164345:ERROR:process_reader_win.cc(142)] SuspendThread: Access is denied. (0x5)
[1215/164345:ERROR:exception_snapshot_win.cc(87)] thread ID 13852 not found in process
[1215/164345:WARNING:crash_report_exception_handler.cc(56)] ProcessSnapshotWin::Initialize failed
[1215/164345:WARNING:crash_report_exception_handler.cc(56)] ProcessSnapshotWin::Initialize failed
[1215/164345:ERROR:process_reader_win.cc(142)] SuspendThread: Access is denied. (0x5)
[1215/164345:ERROR:process_reader_win.cc(142)] SuspendThread: Access is denied. (0x5)
[1215/164345:ERROR:process_reader_win.cc(142)] SuspendThread: Access is denied. (0x5)
[1215/164345:ERROR:exception_snapshot_win.cc(87)] thread ID 87376 not found in process
[1215/164345:WARNING:crash_report_exception_handler.cc(56)] ProcessSnapshotWin::Initialize failed
[1215/164345:ERROR:process_reader_win.cc(142)] SuspendThread: Access is denied. (0x5)
[1215/164345:ERROR:process_reader_win.cc(142)] SuspendThread: Access is denied. (0x5)
[1215/164345:ERROR:process_reader_win.cc(142)] SuspendThread: Access is denied. (0x5)
[1215/164345:ERROR:process_reader_win.cc(142)] SuspendThread: Access is denied. (0x5)
[1215/164345:ERROR:process_reader_win.cc(142)] SuspendThread: Access is denied. (0x5)
[1215/164345:ERROR:exception_snapshot_win.cc(87)] thread ID 34772 not found in process
[1215/164345:WARNING:crash_report_exception_handler.cc(56)] ProcessSnapshotWin::Initialize failed
[1220/175511:ERROR:process_info.cc(608)] range at 0xfe57f000, size 0x230 fully unreadable
[1220/175511:ERROR:process_info.cc(608)] range at 0xfe57d000, size 0xf84 fully unreadable
[1220/175511:ERROR:process_info.cc(608)] range at 0xfe57a000, size 0xf84 fully unreadable
[1220/175511:ERROR:process_info.cc(608)] range at 0xfe577000, size 0xf84 fully unreadable
[1220/175511:ERROR:process_info.cc(608)] range at 0xfe44f000, size 0xf84 fully unreadable
[1220/175511:ERROR:process_info.cc(608)] range at 0xfe44c000, size 0xf84 fully unreadable
[1220/175511:ERROR:process_info.cc(608)] range at 0xfe449000, size 0xf84 fully unreadable
[1220/175511:ERROR:process_info.cc(608)] range at 0xfe446000, size 0xf84 fully unreadable
[1220/175511:ERROR:process_info.cc(608)] range at 0xfe443000, size 0xf84 fully unreadable
[1220/175511:ERROR:process_info.cc(608)] range at 0xfe440000, size 0xf84 fully unreadable
[1220/175511:ERROR:process_info.cc(608)] range at 0xfe43d000, size 0xf84 fully unreadable
[1220/175511:ERROR:process_info.cc(608)] range at 0xfe43a000, size 0xf84 fully unreadable
[1220/175511:ERROR:process_info.cc(608)] range at 0xfe437000, size 0xf84 fully unreadable
[0207/182730.737:ERROR:process_info.cc(608)] range at 0x4a943c7000000000, size 0x95 fully unreadable
[0207/182732.207:ERROR:process_info.cc(608)] range at 0x4a943c9000000000, size 0x95 fully unreadable
[0207/182732.207:ERROR:process_info.cc(608)] range at 0x0, size 0x95 fully unreadable
[0207/182756.933:ERROR:http_transport_win.cc(50)] WinHttpSendRequest: The server name or address could not be resolved  (0x2EE7)
[0208/181059.945:ERROR:scoped_process_suspend.cc(30)] NtSuspendProcess: An attempt was made to access an exiting process.  (0xc000010a)
[0208/181101.688:ERROR:process_info.cc(103)] ReadProcessMemory bool __cdecl crashpad::`anonymous-namespace'::ReadStruct<struct crashpad::process_types::PEB<struct crashpad::process_types::internal::Traits64>>(void *,unsigned __int64,struct crashpad::process_types::PEB<struct crashpad::process_types::internal::Traits64> *): Only part of a ReadProcessMemory or WriteProcessMemory request was completed. (0x12B)
[0208/181101.688:ERROR:process_info.cc(542)] ReadProcessData failed
[0208/181101.688:ERROR:process_reader_win.cc(233)] ReadMemory at 0x7ffcfc931160 of 12 bytes failed: Only part of a ReadProcessMemory or WriteProcessMemory request was completed. (0x12B)
[0208/181101.688:WARNING:process_snapshot_win.cc(68)] ReadMemory ExceptionInformation failed
[0208/181101.688:WARNING:crash_report_exception_handler.cc(60)] ProcessSnapshotWin::Initialize failed
[0215/090543.958:ERROR:process_info.cc(608)] range at 0x2c893c6000000000, size 0x3 fully unreadable
[0215/090545.786:ERROR:process_info.cc(608)] range at 0x2c893c8000000000, size 0x3 fully unreadable
[0215/090545.786:ERROR:process_info.cc(608)] range at 0x0, size 0x3 fully unreadable
[0216/181038.574:ERROR:process_info.cc(608)] range at 0x91a13c6400000000, size 0x9 fully unreadable
[0216/181039.577:ERROR:process_info.cc(608)] range at 0x91a13c8400000000, size 0x9 fully unreadable
[0216/181039.577:ERROR:process_info.cc(608)] range at 0x0, size 0x9 fully unreadable
[0216/181251.980:ERROR:http_transport_win.cc(50)] WinHttpSendRequest: The server name or address could not be resolved  (0x2EE7)
[0226/194547.654:ERROR:process_info.cc(608)] range at 0xf9243c7400000000, size 0x21 fully unreadable
[0226/194547.934:ERROR:process_info.cc(608)] range at 0xf9243c9400000000, size 0x21 fully unreadable
[0226/194547.934:ERROR:process_info.cc(608)] range at 0x0, size 0x21 fully unreadable
[0310/083656.337:ERROR:process_info.cc(608)] range at 0xac5a3c6000000000, size 0x2f fully unreadable
[0310/083656.508:ERROR:process_info.cc(608)] range at 0xed033c6400000000, size 0x75 fully unreadable
[0310/083656.758:ERROR:process_info.cc(608)] range at 0xac5a3c8000000000, size 0x2f fully unreadable
[0310/083656.758:ERROR:process_info.cc(608)] range at 0xed033c8400000000, size 0x75 fully unreadable
[0310/083656.758:ERROR:process_info.cc(608)] range at 0x0, size 0x2f fully unreadable
[0310/083656.758:ERROR:process_info.cc(608)] range at 0x0, size 0x75 fully unreadable
[0310/083658.401:ERROR:process_info.cc(608)] range at 0xdd1f3c6400000000, size 0xfc fully unreadable
[0310/083658.706:ERROR:process_info.cc(608)] range at 0xdd1f3c8400000000, size 0xfc fully unreadable
[0310/083658.706:ERROR:process_info.cc(608)] range at 0x0, size 0xfc fully unreadable
[0310/083700.750:ERROR:process_info.cc(608)] range at 0xedb83c6000000000, size 0x4 fully unreadable
[0310/083700.799:ERROR:process_info.cc(608)] range at 0x34743c6000000000, size 0xc7 fully unreadable
[0310/083701.493:ERROR:process_info.cc(608)] range at 0xedb83c8000000000, size 0x4 fully unreadable
[0310/083701.493:ERROR:process_info.cc(608)] range at 0x0, size 0x4 fully unreadable
[0310/083701.493:ERROR:process_info.cc(608)] range at 0x34743c8000000000, size 0xc7 fully unreadable
[0310/083701.493:ERROR:process_info.cc(608)] range at 0x0, size 0xc7 fully unreadable
[0310/090314.175:ERROR:process_info.cc(608)] range at 0x8f123c6000000000, size 0x27 fully unreadable
[0310/090314.285:ERROR:process_info.cc(608)] range at 0x8f123c8000000000, size 0x27 fully unreadable
[0310/090314.285:ERROR:process_info.cc(608)] range at 0x0, size 0x27 fully unreadable
[0315/133803.927:ERROR:process_info.cc(608)] range at 0x39ae3c7800000000, size 0x59 fully unreadable
[0315/133805.351:ERROR:process_info.cc(608)] range at 0x39ae3c9800000000, size 0x59 fully unreadable
[0315/133805.351:ERROR:process_info.cc(608)] range at 0x0, size 0x59 fully unreadable
[0315/133908.725:ERROR:process_info.cc(608)] range at 0x4d323c8400000000, size 0xa fully unreadable
[0315/133909.030:ERROR:process_info.cc(608)] range at 0x4d323ca400000000, size 0xa fully unreadable
[0315/133909.030:ERROR:process_info.cc(608)] range at 0x0, size 0xa fully unreadable
[0315/134036.884:ERROR:process_info.cc(608)] range at 0x61e3c8400000000, size 0xdc fully unreadable
[0315/134036.974:ERROR:process_info.cc(608)] range at 0x61e3ca400000000, size 0xdc fully unreadable
[0315/134036.974:ERROR:process_info.cc(608)] range at 0x0, size 0xdc fully unreadable
[0315/134039.635:ERROR:process_info.cc(608)] range at 0xfc133c7c00000000, size 0xad fully unreadable
[0315/134039.838:ERROR:process_info.cc(608)] range at 0xfc133c9c00000000, size 0xad fully unreadable
[0315/134039.838:ERROR:process_info.cc(608)] range at 0x0, size 0xad fully unreadable
[0315/134124.405:ERROR:process_info.cc(608)] range at 0x31b93c8400000000, size 0xfe fully unreadable
[0315/134124.417:ERROR:process_info.cc(608)] range at 0x31b93ca400000000, size 0xfe fully unreadable
[0315/134124.417:ERROR:process_info.cc(608)] range at 0x0, size 0xfe fully unreadable
[0407/142416.947:ERROR:process_info.cc(625)] range at 0x65bd3c9400000000, size 0xbd fully unreadable
[0407/142417.041:ERROR:process_info.cc(625)] range at 0x65bd3cb400000000, size 0xbd fully unreadable
[0407/142417.041:ERROR:process_info.cc(625)] range at 0x0, size 0xbd fully unreadable
[0411/091056.660:ERROR:process_info.cc(625)] range at 0xdb943c9000000000, size 0xe fully unreadable
[0411/091056.988:ERROR:process_info.cc(625)] range at 0xdb943cb000000000, size 0xe fully unreadable
[0411/091056.988:ERROR:process_info.cc(625)] range at 0x0, size 0xe fully unreadable
[0411/091057.341:ERROR:process_info.cc(625)] range at 0x79833c8000000000, size 0x75 fully unreadable
[0411/091057.354:ERROR:process_info.cc(625)] range at 0x79833ca000000000, size 0x75 fully unreadable
[0411/091057.354:ERROR:process_info.cc(625)] range at 0x0, size 0x75 fully unreadable
[0411/151255.424:ERROR:process_info.cc(625)] range at 0xcc583c9400000000, size 0x91 fully unreadable
[0411/151255.563:ERROR:process_info.cc(625)] range at 0xcc583cb400000000, size 0x91 fully unreadable
[0411/151255.563:ERROR:process_info.cc(625)] range at 0x0, size 0x91 fully unreadable
[0411/151256.225:ERROR:process_info.cc(625)] range at 0x2f343c9400000000, size 0xe8 fully unreadable
[0411/151256.231:ERROR:process_info.cc(625)] range at 0x2f343cb400000000, size 0xe8 fully unreadable
[0411/151256.231:ERROR:process_info.cc(625)] range at 0x0, size 0xe8 fully unreadable
[0413/000917.371:ERROR:process_info.cc(608)] range at 0xe9723b1000000000, size 0x91 fully unreadable
[0413/000917.747:ERROR:process_info.cc(608)] range at 0xe9723b3000000000, size 0x91 fully unreadable
[0413/000917.747:ERROR:process_info.cc(608)] range at 0x0, size 0x91 fully unreadable
[0413/000936.668:ERROR:http_transport_win.cc(50)] WinHttpSendRequest: A connection with the server could not be established  (0x2EFD)
[0425/182036.208:ERROR:process_info.cc(608)] range at 0xf29f3b1400000000, size 0x73 fully unreadable
[0425/182037.995:ERROR:process_info.cc(608)] range at 0xf29f3b3400000000, size 0x73 fully unreadable
[0425/182037.995:ERROR:process_info.cc(608)] range at 0x0, size 0x73 fully unreadable
[0425/182047.937:ERROR:process_info.cc(608)] range at 0xa45a3b1400000000, size 0xfb fully unreadable
[0425/182048.248:ERROR:process_info.cc(608)] range at 0xa45a3b3400000000, size 0xfb fully unreadable
[0425/182048.248:ERROR:process_info.cc(608)] range at 0x0, size 0xfb fully unreadable
[0425/182048.628:ERROR:process_info.cc(608)] range at 0xc4df3b1400000000, size 0x14 fully unreadable
[0425/182048.754:ERROR:process_info.cc(608)] range at 0xc4df3b3400000000, size 0x14 fully unreadable
[0425/182048.754:ERROR:process_info.cc(608)] range at 0x0, size 0x14 fully unreadable
[0425/182306.613:ERROR:http_transport_win.cc(50)] WinHttpSendRequest: The server name or address could not be resolved  (0x2EE7)
[0425/182306.629:ERROR:http_transport_win.cc(50)] WinHttpSendRequest: The server name or address could not be resolved  (0x2EE7)
[0425/182306.779:ERROR:http_transport_win.cc(50)] WinHttpSendRequest: The server name or address could not be resolved  (0x2EE7)
[0502/133843.959:ERROR:process_info.cc(608)] range at 0xad573b1c00000000, size 0xc9 fully unreadable
[0502/133844.932:ERROR:process_info.cc(608)] range at 0xad573b3c00000000, size 0xc9 fully unreadable
[0502/133844.932:ERROR:process_info.cc(608)] range at 0x0, size 0xc9 fully unreadable
[0502/133846.842:ERROR:process_info.cc(608)] range at 0xed123b2400000000, size 0x37 fully unreadable
[0502/133846.855:ERROR:process_info.cc(608)] range at 0xed123b4400000000, size 0x37 fully unreadable
[0502/133846.855:ERROR:process_info.cc(608)] range at 0x0, size 0x37 fully unreadable
[0502/133847.660:ERROR:process_info.cc(608)] range at 0x4f683b2000000000, size 0xda fully unreadable
[0502/133847.672:ERROR:process_info.cc(608)] range at 0x4f683b4000000000, size 0xda fully unreadable
[0502/133847.672:ERROR:process_info.cc(608)] range at 0x0, size 0xda fully unreadable
[0502/133848.259:ERROR:process_info.cc(608)] range at 0xc2343b2000000000, size 0xaa fully unreadable
[0502/133848.266:ERROR:process_info.cc(608)] range at 0xc2343b4000000000, size 0xaa fully unreadable
[0502/133848.266:ERROR:process_info.cc(608)] range at 0x0, size 0xaa fully unreadable
[0502/133849.659:ERROR:process_info.cc(608)] range at 0x69d33b2400000000, size 0xb2 fully unreadable
[0502/133849.670:ERROR:process_info.cc(608)] range at 0x69d33b4400000000, size 0xb2 fully unreadable
[0502/133849.671:ERROR:process_info.cc(608)] range at 0x0, size 0xb2 fully unreadable
[0502/133851.286:ERROR:process_info.cc(608)] range at 0x86fd3b2400000000, size 0x47 fully unreadable
[0502/133851.367:ERROR:process_info.cc(608)] range at 0x86fd3b4400000000, size 0x47 fully unreadable
[0502/133851.367:ERROR:process_info.cc(608)] range at 0x0, size 0x47 fully unreadable
[0502/134010.257:ERROR:process_info.cc(372)] NtQuerySystemInformation SystemExtendedHandleInformation: The specified information record length does not match the length required for the specified information class.  (0xc0000004)
[0502/134010.719:ERROR:process_info.cc(372)] NtQuerySystemInformation SystemExtendedHandleInformation: The specified information record length does not match the length required for the specified information class.  (0xc0000004)
[0502/134011.075:ERROR:process_info.cc(372)] NtQuerySystemInformation SystemExtendedHandleInformation: The specified information record length does not match the length required for the specified information class.  (0xc0000004)
[0502/134011.190:ERROR:process_info.cc(372)] NtQuerySystemInformation SystemExtendedHandleInformation: The specified information record length does not match the length required for the specified information class.  (0xc0000004)
[0502/134011.860:ERROR:process_info.cc(372)] NtQuerySystemInformation SystemExtendedHandleInformation: The specified information record length does not match the length required for the specified information class.  (0xc0000004)
[0502/134011.838:ERROR:process_info.cc(372)] NtQuerySystemInformation SystemExtendedHandleInformation: The specified information record length does not match the length required for the specified information class.  (0xc0000004)
[0510/091158.566:ERROR:process_info.cc(608)] range at 0x2d153b0800000000, size 0x3e fully unreadable
[0510/091159.916:ERROR:process_info.cc(608)] range at 0x2d153b2800000000, size 0x3e fully unreadable
[0510/091159.916:ERROR:process_info.cc(608)] range at 0x0, size 0x3e fully unreadable
[0510/114942.416:ERROR:crash_report_database_win.cc(426)] unexpected header
[0510/115633.314:ERROR:crash_report_database_win.cc(426)] unexpected header
[0510/120852.029:ERROR:crash_report_database_win.cc(426)] unexpected header
[0510/121835.217:ERROR:crash_report_database_win.cc(426)] unexpected header
[0510/121852.051:ERROR:crash_report_database_win.cc(426)] unexpected header
[0510/121852.051:ERROR:crash_report_database_win.cc(426)] unexpected header
[0510/122352.053:ERROR:crash_report_database_win.cc(426)] unexpected header
[0510/122835.222:ERROR:crash_report_database_win.cc(426)] unexpected header
[0510/122835.222:ERROR:crash_report_database_win.cc(426)] unexpected header
[0510/123335.211:ERROR:crash_report_database_win.cc(426)] unexpected header
[0510/123852.043:ERROR:crash_report_database_win.cc(426)] unexpected header
[0510/124835.172:ERROR:crash_report_database_win.cc(426)] unexpected header
[0510/125351.990:ERROR:crash_report_database_win.cc(426)] unexpected header
[0510/130335.152:ERROR:crash_report_database_win.cc(426)] unexpected header
[0510/130852.065:ERROR:crash_report_database_win.cc(426)] unexpected header
[0510/131835.126:ERROR:crash_report_database_win.cc(426)] unexpected header
[0510/132352.022:ERROR:crash_report_database_win.cc(426)] unexpected header
[0510/133335.096:ERROR:crash_report_database_win.cc(426)] unexpected header
[0510/133852.011:ERROR:crash_report_database_win.cc(426)] unexpected header
[0510/134835.110:ERROR:crash_report_database_win.cc(426)] unexpected header
[0510/134846.403:ERROR:crash_report_database_win.cc(426)] unexpected header
[0510/135244.152:ERROR:crash_report_database_win.cc(426)] unexpected header
[0510/135857.192:ERROR:crash_report_database_win.cc(426)] unexpected header
[0510/140244.164:ERROR:crash_report_database_win.cc(426)] unexpected header
[0510/140244.165:ERROR:crash_report_database_win.cc(426)] unexpected header
[0510/140744.173:ERROR:crash_report_database_win.cc(426)] unexpected header
[0510/140857.196:ERROR:crash_report_database_win.cc(426)] unexpected header
[0510/140857.197:ERROR:crash_report_database_win.cc(426)] unexpected header
[0510/141357.194:ERROR:crash_report_database_win.cc(426)] unexpected header
[0510/142244.165:ERROR:crash_report_database_win.cc(426)] unexpected header
[0510/142305.049:ERROR:crash_report_database_win.cc(426)] unexpected header
[0510/143101.908:ERROR:crash_report_database_win.cc(426)] unexpected header
[0510/144101.896:ERROR:crash_report_database_win.cc(426)] unexpected header
[0510/144101.897:ERROR:crash_report_database_win.cc(426)] unexpected header
[0510/144601.900:ERROR:crash_report_database_win.cc(426)] unexpected header
[0510/150101.895:ERROR:crash_report_database_win.cc(426)] unexpected header
[0510/151449.383:ERROR:crash_report_database_win.cc(426)] unexpected header
[0510/151601.884:ERROR:crash_report_database_win.cc(426)] unexpected header
[0510/152449.380:ERROR:crash_report_database_win.cc(426)] unexpected header
[0510/152449.380:ERROR:crash_report_database_win.cc(426)] unexpected header
[0510/152949.384:ERROR:crash_report_database_win.cc(426)] unexpected header
[0510/153101.874:ERROR:crash_report_database_win.cc(426)] unexpected header
[0510/153513.581:ERROR:crash_report_database_win.cc(426)] unexpected header
[0510/154513.569:ERROR:crash_report_database_win.cc(426)] unexpected header
[0510/154513.569:ERROR:crash_report_database_win.cc(426)] unexpected header
[0510/154601.854:ERROR:crash_report_database_win.cc(426)] unexpected header
[0510/155013.562:ERROR:crash_report_database_win.cc(426)] unexpected header
[0510/160101.843:ERROR:crash_report_database_win.cc(426)] unexpected header
[0510/160513.558:ERROR:crash_report_database_win.cc(426)] unexpected header
[0510/161601.834:ERROR:crash_report_database_win.cc(426)] unexpected header
[0510/162013.549:ERROR:crash_report_database_win.cc(426)] unexpected header
[0510/163101.827:ERROR:crash_report_database_win.cc(426)] unexpected header
[0510/163513.539:ERROR:crash_report_database_win.cc(426)] unexpected header
[0510/164601.818:ERROR:crash_report_database_win.cc(426)] unexpected header
[0510/165013.525:ERROR:crash_report_database_win.cc(426)] unexpected header
[0510/170101.817:ERROR:crash_report_database_win.cc(426)] unexpected header
[0510/170513.514:ERROR:crash_report_database_win.cc(426)] unexpected header
[0510/171158.429:ERROR:crash_report_database_win.cc(426)] unexpected header
[0510/171340.175:ERROR:crash_report_database_win.cc(426)] unexpected header
[0510/172110.078:ERROR:crash_report_database_win.cc(426)] unexpected header
[0510/193555.440:ERROR:crash_report_database_win.cc(426)] unexpected header
[0510/193754.641:ERROR:crash_report_database_win.cc(426)] unexpected header
[0510/194949.151:ERROR:crash_report_database_win.cc(426)] unexpected header
[0510/195453.643:ERROR:crash_report_database_win.cc(426)] unexpected header
[0510/195841.159:ERROR:crash_report_database_win.cc(426)] unexpected header
[0510/200445.553:ERROR:crash_report_database_win.cc(426)] unexpected header
[0510/200948.221:ERROR:crash_report_database_win.cc(426)] unexpected header
[0510/201545.204:ERROR:crash_report_database_win.cc(426)] unexpected header
[0510/202220.369:ERROR:crash_report_database_win.cc(426)] unexpected header
[0510/202810.778:ERROR:crash_report_database_win.cc(426)] unexpected header
[0510/203435.315:ERROR:crash_report_database_win.cc(426)] unexpected header
[0510/204031.681:ERROR:crash_report_database_win.cc(426)] unexpected header
[0510/204640.707:ERROR:crash_report_database_win.cc(426)] unexpected header
[0510/205218.475:ERROR:crash_report_database_win.cc(426)] unexpected header
[0510/205836.321:ERROR:crash_report_database_win.cc(426)] unexpected header
[0510/210447.434:ERROR:crash_report_database_win.cc(426)] unexpected header
[0510/211205.584:ERROR:crash_report_database_win.cc(426)] unexpected header
[0510/211755.596:ERROR:crash_report_database_win.cc(426)] unexpected header
[0510/212755.597:ERROR:crash_report_database_win.cc(426)] unexpected header
[0510/212755.597:ERROR:crash_report_database_win.cc(426)] unexpected header
[0510/213255.594:ERROR:crash_report_database_win.cc(426)] unexpected header
[0510/213417.838:ERROR:crash_report_database_win.cc(426)] unexpected header
[0510/214101.806:ERROR:crash_report_database_win.cc(426)] unexpected header
[0510/214718.459:ERROR:crash_report_database_win.cc(426)] unexpected header
[0510/215302.257:ERROR:crash_report_database_win.cc(426)] unexpected header
[0510/215858.177:ERROR:crash_report_database_win.cc(426)] unexpected header
[0510/220527.641:ERROR:crash_report_database_win.cc(426)] unexpected header
[0510/221218.444:ERROR:crash_report_database_win.cc(426)] unexpected header
[0510/221829.127:ERROR:crash_report_database_win.cc(426)] unexpected header
[0510/222457.543:ERROR:crash_report_database_win.cc(426)] unexpected header
[0510/222648.011:ERROR:crash_report_database_win.cc(426)] unexpected header
[0510/223151.152:ERROR:crash_report_database_win.cc(426)] unexpected header
[0510/223457.537:ERROR:crash_report_database_win.cc(426)] unexpected header
[0510/223457.538:ERROR:crash_report_database_win.cc(426)] unexpected header
[0510/223648.027:ERROR:crash_report_database_win.cc(426)] unexpected header
[0510/223648.029:ERROR:crash_report_database_win.cc(426)] unexpected header
[0510/223834.896:ERROR:crash_report_database_win.cc(426)] unexpected header
[0510/224450.053:ERROR:crash_report_database_win.cc(426)] unexpected header
[0510/225341.869:ERROR:crash_report_database_win.cc(426)] unexpected header
[0510/225956.764:ERROR:crash_report_database_win.cc(426)] unexpected header
[0510/230341.994:ERROR:crash_report_database_win.cc(426)] unexpected header
[0510/230341.995:ERROR:crash_report_database_win.cc(426)] unexpected header
[0510/230638.690:ERROR:crash_report_database_win.cc(426)] unexpected header
[0510/230841.846:ERROR:crash_report_database_win.cc(426)] unexpected header
[0510/230956.751:ERROR:crash_report_database_win.cc(426)] unexpected header
[0510/230956.751:ERROR:crash_report_database_win.cc(426)] unexpected header
[0510/231308.016:ERROR:crash_report_database_win.cc(426)] unexpected header
[0510/231456.735:ERROR:crash_report_database_win.cc(426)] unexpected header
[0510/231858.690:ERROR:crash_report_database_win.cc(426)] unexpected header
[0510/232519.302:ERROR:crash_report_database_win.cc(426)] unexpected header
[0510/233519.300:ERROR:crash_report_database_win.cc(426)] unexpected header
[0510/233519.300:ERROR:crash_report_database_win.cc(426)] unexpected header
[0510/234019.300:ERROR:crash_report_database_win.cc(426)] unexpected header
[0510/234053.801:ERROR:crash_report_database_win.cc(426)] unexpected header
[0510/234416.294:ERROR:crash_report_database_win.cc(426)] unexpected header
[0510/235258.950:ERROR:crash_report_database_win.cc(426)] unexpected header
[0510/235416.287:ERROR:crash_report_database_win.cc(426)] unexpected header
[0510/235416.288:ERROR:crash_report_database_win.cc(426)] unexpected header
[0510/235916.326:ERROR:crash_report_database_win.cc(426)] unexpected header
[0511/000211.346:ERROR:crash_report_database_win.cc(426)] unexpected header
[0511/000258.961:ERROR:crash_report_database_win.cc(426)] unexpected header
[0511/000258.962:ERROR:crash_report_database_win.cc(426)] unexpected header
[0511/000705.293:ERROR:crash_report_database_win.cc(426)] unexpected header
[0511/000758.940:ERROR:crash_report_database_win.cc(426)] unexpected header
[0511/001211.342:ERROR:crash_report_database_win.cc(426)] unexpected header
[0511/001211.342:ERROR:crash_report_database_win.cc(426)] unexpected header
[0511/001416.320:ERROR:crash_report_database_win.cc(426)] unexpected header
[0511/001711.339:ERROR:crash_report_database_win.cc(426)] unexpected header
[0511/001747.074:ERROR:crash_report_database_win.cc(426)] unexpected header
[0511/002258.935:ERROR:crash_report_database_win.cc(426)] unexpected header
[0511/002553.967:ERROR:crash_report_database_win.cc(426)] unexpected header
[0511/002747.073:ERROR:crash_report_database_win.cc(426)] unexpected header
[0511/002747.074:ERROR:crash_report_database_win.cc(426)] unexpected header
[0511/002916.324:ERROR:crash_report_database_win.cc(426)] unexpected header
[0511/003211.330:ERROR:crash_report_database_win.cc(426)] unexpected header
[0511/003247.065:ERROR:crash_report_database_win.cc(426)] unexpected header
[0511/003517.389:ERROR:crash_report_database_win.cc(426)] unexpected header
[0511/003554.102:ERROR:crash_report_database_win.cc(426)] unexpected header
[0511/003554.103:ERROR:crash_report_database_win.cc(426)] unexpected header
[0511/003758.940:ERROR:crash_report_database_win.cc(426)] unexpected header
[0511/004053.958:ERROR:crash_report_database_win.cc(426)] unexpected header
[0511/004401.777:ERROR:crash_report_database_win.cc(426)] unexpected header
[0511/004416.314:ERROR:crash_report_database_win.cc(426)] unexpected header
[0511/004517.389:ERROR:crash_report_database_win.cc(426)] unexpected header
[0511/004517.390:ERROR:crash_report_database_win.cc(426)] unexpected header
[0511/004711.319:ERROR:crash_report_database_win.cc(426)] unexpected header
[0511/004747.055:ERROR:crash_report_database_win.cc(426)] unexpected header
[0511/005017.423:ERROR:crash_report_database_win.cc(426)] unexpected header
[0511/005258.979:ERROR:crash_report_database_win.cc(426)] unexpected header
[0511/005401.770:ERROR:crash_report_database_win.cc(426)] unexpected header
[0511/005401.771:ERROR:crash_report_database_win.cc(426)] unexpected header
[0511/005553.948:ERROR:crash_report_database_win.cc(426)] unexpected header
[0511/005901.800:ERROR:crash_report_database_win.cc(426)] unexpected header
[0511/005916.304:ERROR:crash_report_database_win.cc(426)] unexpected header
[0511/010211.308:ERROR:crash_report_database_win.cc(426)] unexpected header
[0511/010247.047:ERROR:crash_report_database_win.cc(426)] unexpected header
[0511/010517.459:ERROR:crash_report_database_win.cc(426)] unexpected header
[0511/010759.005:ERROR:crash_report_database_win.cc(426)] unexpected header
[0511/011053.939:ERROR:crash_report_database_win.cc(426)] unexpected header
[0511/011401.798:ERROR:crash_report_database_win.cc(426)] unexpected header
[0511/011416.411:ERROR:crash_report_database_win.cc(426)] unexpected header
[0511/011711.298:ERROR:crash_report_database_win.cc(426)] unexpected header
[0511/011747.039:ERROR:crash_report_database_win.cc(426)] unexpected header
[0511/012017.439:ERROR:crash_report_database_win.cc(426)] unexpected header
[0511/012258.962:ERROR:crash_report_database_win.cc(426)] unexpected header
[0511/012553.884:ERROR:crash_report_database_win.cc(426)] unexpected header
[0511/012901.736:ERROR:crash_report_database_win.cc(426)] unexpected header
[0511/012916.347:ERROR:crash_report_database_win.cc(426)] unexpected header
[0511/013211.230:ERROR:crash_report_database_win.cc(426)] unexpected header
[0511/013246.974:ERROR:crash_report_database_win.cc(426)] unexpected header
[0511/013517.425:ERROR:crash_report_database_win.cc(426)] unexpected header
[0511/013758.921:ERROR:crash_report_database_win.cc(426)] unexpected header
[0511/014053.862:ERROR:crash_report_database_win.cc(426)] unexpected header
[0511/014401.719:ERROR:crash_report_database_win.cc(426)] unexpected header
[0511/014416.330:ERROR:crash_report_database_win.cc(426)] unexpected header
[0511/014711.216:ERROR:crash_report_database_win.cc(426)] unexpected header
[0511/014747.060:ERROR:crash_report_database_win.cc(426)] unexpected header
[0511/015017.420:ERROR:crash_report_database_win.cc(426)] unexpected header
[0511/015258.914:ERROR:crash_report_database_win.cc(426)] unexpected header
[0511/015553.851:ERROR:crash_report_database_win.cc(426)] unexpected header
[0511/015901.729:ERROR:crash_report_database_win.cc(426)] unexpected header
[0511/015916.459:ERROR:crash_report_database_win.cc(426)] unexpected header
[0511/020211.208:ERROR:crash_report_database_win.cc(426)] unexpected header
[0511/020247.109:ERROR:crash_report_database_win.cc(426)] unexpected header
[0511/020517.413:ERROR:crash_report_database_win.cc(426)] unexpected header
[0511/020758.903:ERROR:crash_report_database_win.cc(426)] unexpected header
[0511/021053.841:ERROR:crash_report_database_win.cc(426)] unexpected header
[0511/021401.724:ERROR:crash_report_database_win.cc(426)] unexpected header
[0511/021416.453:ERROR:crash_report_database_win.cc(426)] unexpected header
[0511/021711.203:ERROR:crash_report_database_win.cc(426)] unexpected header
[0511/021747.102:ERROR:crash_report_database_win.cc(426)] unexpected header
[0511/022017.403:ERROR:crash_report_database_win.cc(426)] unexpected header
[0511/022258.896:ERROR:crash_report_database_win.cc(426)] unexpected header
[0511/022553.926:ERROR:crash_report_database_win.cc(426)] unexpected header
[0511/022901.718:ERROR:crash_report_database_win.cc(426)] unexpected header
[0511/022916.443:ERROR:crash_report_database_win.cc(426)] unexpected header
[0511/023211.202:ERROR:crash_report_database_win.cc(426)] unexpected header
[0511/023247.205:ERROR:crash_report_database_win.cc(426)] unexpected header
[0511/023517.538:ERROR:crash_report_database_win.cc(426)] unexpected header
[0511/023758.887:ERROR:crash_report_database_win.cc(426)] unexpected header
[0511/024053.940:ERROR:crash_report_database_win.cc(426)] unexpected header
[0511/024401.712:ERROR:crash_report_database_win.cc(426)] unexpected header
[0511/024416.434:ERROR:crash_report_database_win.cc(426)] unexpected header
[0511/024711.194:ERROR:crash_report_database_win.cc(426)] unexpected header
[0511/024747.202:ERROR:crash_report_database_win.cc(426)] unexpected header
[0511/025017.532:ERROR:crash_report_database_win.cc(426)] unexpected header
[0511/025258.880:ERROR:crash_report_database_win.cc(426)] unexpected header
[0511/025553.931:ERROR:crash_report_database_win.cc(426)] unexpected header
[0511/025901.703:ERROR:crash_report_database_win.cc(426)] unexpected header
[0511/025916.605:ERROR:crash_report_database_win.cc(426)] unexpected header
[0511/030211.187:ERROR:crash_report_database_win.cc(426)] unexpected header
[0511/030247.191:ERROR:crash_report_database_win.cc(426)] unexpected header
[0511/030517.531:ERROR:crash_report_database_win.cc(426)] unexpected header
[0511/030758.977:ERROR:crash_report_database_win.cc(426)] unexpected header
[0511/031053.925:ERROR:crash_report_database_win.cc(426)] unexpected header
[0511/031401.698:ERROR:crash_report_database_win.cc(426)] unexpected header
[0511/031416.594:ERROR:crash_report_database_win.cc(426)] unexpected header
[0511/031711.252:ERROR:crash_report_database_win.cc(426)] unexpected header
[0511/031747.184:ERROR:crash_report_database_win.cc(426)] unexpected header
[0511/032017.522:ERROR:crash_report_database_win.cc(426)] unexpected header
[0511/032258.982:ERROR:crash_report_database_win.cc(426)] unexpected header
[0511/032553.915:ERROR:crash_report_database_win.cc(426)] unexpected header
[0511/032901.888:ERROR:crash_report_database_win.cc(426)] unexpected header
[0511/032916.588:ERROR:crash_report_database_win.cc(426)] unexpected header
[0511/033211.258:ERROR:crash_report_database_win.cc(426)] unexpected header
[0511/033247.180:ERROR:crash_report_database_win.cc(426)] unexpected header
[0511/033517.694:ERROR:crash_report_database_win.cc(426)] unexpected header
[0511/033759.144:ERROR:crash_report_database_win.cc(426)] unexpected header
[0511/034054.006:ERROR:crash_report_database_win.cc(426)] unexpected header
[0511/034401.878:ERROR:crash_report_database_win.cc(426)] unexpected header
[0511/034416.578:ERROR:crash_report_database_win.cc(426)] unexpected header
[0511/034711.252:ERROR:crash_report_database_win.cc(426)] unexpected header
[0511/034747.179:ERROR:crash_report_database_win.cc(426)] unexpected header
[0511/035017.684:ERROR:crash_report_database_win.cc(426)] unexpected header
[0511/035259.136:ERROR:crash_report_database_win.cc(426)] unexpected header
[0511/035553.996:ERROR:crash_report_database_win.cc(426)] unexpected header
[0511/035901.870:ERROR:crash_report_database_win.cc(426)] unexpected header
[0511/035916.567:ERROR:crash_report_database_win.cc(426)] unexpected header
[0511/040211.247:ERROR:crash_report_database_win.cc(426)] unexpected header
[0511/040247.171:ERROR:crash_report_database_win.cc(426)] unexpected header
[0511/040517.678:ERROR:crash_report_database_win.cc(426)] unexpected header
[0511/040759.126:ERROR:crash_report_database_win.cc(426)] unexpected header
[0511/041053.990:ERROR:crash_report_database_win.cc(426)] unexpected header
[0511/041401.858:ERROR:crash_report_database_win.cc(426)] unexpected header
[0511/041416.558:ERROR:crash_report_database_win.cc(426)] unexpected header
[0511/041711.237:ERROR:crash_report_database_win.cc(426)] unexpected header
[0511/041747.169:ERROR:crash_report_database_win.cc(426)] unexpected header
[0511/042017.672:ERROR:crash_report_database_win.cc(426)] unexpected header
[0511/042259.115:ERROR:crash_report_database_win.cc(426)] unexpected header
[0511/042553.987:ERROR:crash_report_database_win.cc(426)] unexpected header
[0511/042901.854:ERROR:crash_report_database_win.cc(426)] unexpected header
[0511/042916.571:ERROR:crash_report_database_win.cc(426)] unexpected header
[0511/043211.231:ERROR:crash_report_database_win.cc(426)] unexpected header
[0511/043247.163:ERROR:crash_report_database_win.cc(426)] unexpected header
[0511/043517.664:ERROR:crash_report_database_win.cc(426)] unexpected header
[0511/043759.112:ERROR:crash_report_database_win.cc(426)] unexpected header
[0511/044053.977:ERROR:crash_report_database_win.cc(426)] unexpected header
[0511/044401.851:ERROR:crash_report_database_win.cc(426)] unexpected header
[0511/044416.570:ERROR:crash_report_database_win.cc(426)] unexpected header
[0511/044711.230:ERROR:crash_report_database_win.cc(426)] unexpected header
[0511/044747.182:ERROR:crash_report_database_win.cc(426)] unexpected header
[0511/045017.670:ERROR:crash_report_database_win.cc(426)] unexpected header
[0511/045259.120:ERROR:crash_report_database_win.cc(426)] unexpected header
[0511/045553.984:ERROR:crash_report_database_win.cc(426)] unexpected header
[0511/045901.859:ERROR:crash_report_database_win.cc(426)] unexpected header
[0511/045916.577:ERROR:crash_report_database_win.cc(426)] unexpected header
[0511/050211.346:ERROR:crash_report_database_win.cc(426)] unexpected header
[0511/050247.179:ERROR:crash_report_database_win.cc(426)] unexpected header
[0511/050517.668:ERROR:crash_report_database_win.cc(426)] unexpected header
[0511/050759.111:ERROR:crash_report_database_win.cc(426)] unexpected header
[0511/051054.138:ERROR:crash_report_database_win.cc(426)] unexpected header
[0511/051401.850:ERROR:crash_report_database_win.cc(426)] unexpected header
[0511/051416.575:ERROR:crash_report_database_win.cc(426)] unexpected header
[0511/051711.543:ERROR:crash_report_database_win.cc(426)] unexpected header
[0511/051747.173:ERROR:crash_report_database_win.cc(426)] unexpected header
[0511/052017.658:ERROR:crash_report_database_win.cc(426)] unexpected header
[0511/052259.263:ERROR:crash_report_database_win.cc(426)] unexpected header
[0511/052554.133:ERROR:crash_report_database_win.cc(426)] unexpected header
[0511/052901.898:ERROR:crash_report_database_win.cc(426)] unexpected header
[0511/052916.570:ERROR:crash_report_database_win.cc(426)] unexpected header
[0511/053211.546:ERROR:crash_report_database_win.cc(426)] unexpected header
[0511/053247.167:ERROR:crash_report_database_win.cc(426)] unexpected header
[0511/053517.650:ERROR:crash_report_database_win.cc(426)] unexpected header
[0511/053759.253:ERROR:crash_report_database_win.cc(426)] unexpected header
[0511/054054.126:ERROR:crash_report_database_win.cc(426)] unexpected header
[0511/054401.888:ERROR:crash_report_database_win.cc(426)] unexpected header
[0511/054416.745:ERROR:crash_report_database_win.cc(426)] unexpected header
[0511/054711.536:ERROR:crash_report_database_win.cc(426)] unexpected header
[0511/054747.157:ERROR:crash_report_database_win.cc(426)] unexpected header
[0511/055017.656:ERROR:crash_report_database_win.cc(426)] unexpected header
[0511/055259.245:ERROR:crash_report_database_win.cc(426)] unexpected header
[0511/055554.113:ERROR:crash_report_database_win.cc(426)] unexpected header
[0511/055901.877:ERROR:crash_report_database_win.cc(426)] unexpected header
[0511/055916.735:ERROR:crash_report_database_win.cc(426)] unexpected header
[0511/060211.516:ERROR:crash_report_database_win.cc(426)] unexpected header
[0511/060247.234:ERROR:crash_report_database_win.cc(426)] unexpected header
[0511/060517.660:ERROR:crash_report_database_win.cc(426)] unexpected header
[0511/060759.227:ERROR:crash_report_database_win.cc(426)] unexpected header
[0511/061054.197:ERROR:crash_report_database_win.cc(426)] unexpected header
[0511/061401.870:ERROR:crash_report_database_win.cc(426)] unexpected header
[0511/061416.732:ERROR:crash_report_database_win.cc(426)] unexpected header
[0511/061711.507:ERROR:crash_report_database_win.cc(426)] unexpected header
[0511/061747.231:ERROR:crash_report_database_win.cc(426)] unexpected header
[0511/062017.650:ERROR:crash_report_database_win.cc(426)] unexpected header
[0511/062259.224:ERROR:crash_report_database_win.cc(426)] unexpected header
[0511/062554.186:ERROR:crash_report_database_win.cc(426)] unexpected header
[0511/062902.031:ERROR:crash_report_database_win.cc(426)] unexpected header
[0511/062916.728:ERROR:crash_report_database_win.cc(426)] unexpected header
[0511/063211.622:ERROR:crash_report_database_win.cc(426)] unexpected header
[0511/063247.220:ERROR:crash_report_database_win.cc(426)] unexpected header
[0511/063517.813:ERROR:crash_report_database_win.cc(426)] unexpected header
[0511/063759.234:ERROR:crash_report_database_win.cc(426)] unexpected header
[0511/064054.321:ERROR:crash_report_database_win.cc(426)] unexpected header
[0511/064402.020:ERROR:crash_report_database_win.cc(426)] unexpected header
[0511/064416.718:ERROR:crash_report_database_win.cc(426)] unexpected header
[0511/064711.619:ERROR:crash_report_database_win.cc(426)] unexpected header
[0511/064747.211:ERROR:crash_report_database_win.cc(426)] unexpected header
[0511/065017.805:ERROR:crash_report_database_win.cc(426)] unexpected header
[0511/065259.223:ERROR:crash_report_database_win.cc(426)] unexpected header
[0511/065554.310:ERROR:crash_report_database_win.cc(426)] unexpected header
[0511/065902.014:ERROR:crash_report_database_win.cc(426)] unexpected header
[0511/065916.709:ERROR:crash_report_database_win.cc(426)] unexpected header
[0511/070211.608:ERROR:crash_report_database_win.cc(426)] unexpected header
[0511/070247.404:ERROR:crash_report_database_win.cc(426)] unexpected header
[0511/070517.801:ERROR:crash_report_database_win.cc(426)] unexpected header
[0511/070759.359:ERROR:crash_report_database_win.cc(426)] unexpected header
[0511/071054.469:ERROR:crash_report_database_win.cc(426)] unexpected header
[0511/071402.012:ERROR:crash_report_database_win.cc(426)] unexpected header
[0511/071416.701:ERROR:crash_report_database_win.cc(426)] unexpected header
[0511/071711.598:ERROR:crash_report_database_win.cc(426)] unexpected header
[0511/071747.393:ERROR:crash_report_database_win.cc(426)] unexpected header
[0511/072017.790:ERROR:crash_report_database_win.cc(426)] unexpected header
[0511/072259.400:ERROR:crash_report_database_win.cc(426)] unexpected header
[0511/072554.458:ERROR:crash_report_database_win.cc(426)] unexpected header
[0511/072902.064:ERROR:crash_report_database_win.cc(426)] unexpected header
[0511/072916.690:ERROR:crash_report_database_win.cc(426)] unexpected header
[0511/073211.588:ERROR:crash_report_database_win.cc(426)] unexpected header
[0511/073247.383:ERROR:crash_report_database_win.cc(426)] unexpected header
[0511/073517.791:ERROR:crash_report_database_win.cc(426)] unexpected header
[0511/073759.389:ERROR:crash_report_database_win.cc(426)] unexpected header
[0511/074054.459:ERROR:crash_report_database_win.cc(426)] unexpected header
[0511/074402.060:ERROR:crash_report_database_win.cc(426)] unexpected header
[0511/074416.686:ERROR:crash_report_database_win.cc(426)] unexpected header
[0511/074711.577:ERROR:crash_report_database_win.cc(426)] unexpected header
[0511/091207.817:ERROR:crash_report_database_win.cc(426)] unexpected header
[0511/091438.374:ERROR:crash_report_database_win.cc(426)] unexpected header
[0511/091732.171:ERROR:crash_report_database_win.cc(426)] unexpected header
[0511/092622.707:ERROR:crash_report_database_win.cc(426)] unexpected header
[0511/092732.331:ERROR:crash_report_database_win.cc(426)] unexpected header
[0511/092732.331:ERROR:crash_report_database_win.cc(426)] unexpected header
[0511/093232.347:ERROR:crash_report_database_win.cc(426)] unexpected header
[0511/093303.287:ERROR:crash_report_database_win.cc(426)] unexpected header
[0511/093622.676:ERROR:crash_report_database_win.cc(426)] unexpected header
[0511/093622.677:ERROR:crash_report_database_win.cc(426)] unexpected header
[0511/093918.942:ERROR:crash_report_database_win.cc(426)] unexpected header
[0511/094122.662:ERROR:crash_report_database_win.cc(426)] unexpected header
[0511/094732.305:ERROR:crash_report_database_win.cc(426)] unexpected header
[0511/094918.935:ERROR:crash_report_database_win.cc(426)] unexpected header
[0511/094918.936:ERROR:crash_report_database_win.cc(426)] unexpected header
[0511/095418.947:ERROR:crash_report_database_win.cc(426)] unexpected header
[0511/095622.677:ERROR:crash_report_database_win.cc(426)] unexpected header
[0511/100232.320:ERROR:crash_report_database_win.cc(426)] unexpected header
[0511/100912.482:ERROR:crash_report_database_win.cc(426)] unexpected header
[0511/100919.007:ERROR:crash_report_database_win.cc(426)] unexpected header
[0511/101122.709:ERROR:crash_report_database_win.cc(426)] unexpected header
[0511/101732.348:ERROR:crash_report_database_win.cc(426)] unexpected header
[0511/101912.487:ERROR:crash_report_database_win.cc(426)] unexpected header
[0511/101912.488:ERROR:crash_report_database_win.cc(426)] unexpected header
[0511/102412.459:ERROR:crash_report_database_win.cc(426)] unexpected header
[0511/103232.294:ERROR:crash_report_database_win.cc(426)] unexpected header
[0511/103653.105:ERROR:crash_report_database_win.cc(426)] unexpected header
[0511/103912.412:ERROR:crash_report_database_win.cc(426)] unexpected header
[0511/103931.469:ERROR:crash_report_database_win.cc(426)] unexpected header
[0511/104512.665:ERROR:crash_report_database_win.cc(426)] unexpected header
[0511/104732.299:ERROR:crash_report_database_win.cc(426)] unexpected header
[0511/104931.496:ERROR:crash_report_database_win.cc(426)] unexpected header
[0511/104931.496:ERROR:crash_report_database_win.cc(426)] unexpected header
[0511/105412.433:ERROR:crash_report_database_win.cc(426)] unexpected header
[0511/105431.487:ERROR:crash_report_database_win.cc(426)] unexpected header
[0511/105513.051:ERROR:crash_report_database_win.cc(426)] unexpected header
[0511/105513.051:ERROR:crash_report_database_win.cc(426)] unexpected header
[0511/110012.800:ERROR:crash_report_database_win.cc(426)] unexpected header
[0511/110209.926:ERROR:crash_report_database_win.cc(426)] unexpected header
[0511/110854.698:ERROR:crash_report_database_win.cc(426)] unexpected header
[0511/111209.924:ERROR:crash_report_database_win.cc(426)] unexpected header
[0511/111209.925:ERROR:crash_report_database_win.cc(426)] unexpected header
[0511/111709.964:ERROR:crash_report_database_win.cc(426)] unexpected header
[0511/111854.762:ERROR:crash_report_database_win.cc(426)] unexpected header
[0511/111854.763:ERROR:crash_report_database_win.cc(426)] unexpected header
[0511/112354.819:ERROR:crash_report_database_win.cc(426)] unexpected header
[0511/113209.947:ERROR:crash_report_database_win.cc(426)] unexpected header
[0511/113619.185:ERROR:crash_report_database_win.cc(426)] unexpected header
[0511/113854.773:ERROR:crash_report_database_win.cc(426)] unexpected header
[0511/114545.972:ERROR:crash_report_database_win.cc(426)] unexpected header
[0511/114619.167:ERROR:crash_report_database_win.cc(426)] unexpected header
[0511/114619.167:ERROR:crash_report_database_win.cc(426)] unexpected header
[0511/115545.992:ERROR:crash_report_database_win.cc(426)] unexpected header
[0511/115546.002:ERROR:crash_report_database_win.cc(426)] unexpected header
[0511/115612.342:ERROR:crash_report_database_win.cc(426)] unexpected header
[0511/120045.972:ERROR:crash_report_database_win.cc(426)] unexpected header
[0511/120612.340:ERROR:crash_report_database_win.cc(426)] unexpected header
[0511/120612.340:ERROR:crash_report_database_win.cc(426)] unexpected header
[0511/121112.345:ERROR:crash_report_database_win.cc(426)] unexpected header
[0511/121519.954:ERROR:crash_report_database_win.cc(426)] unexpected header
[0511/121545.977:ERROR:crash_report_database_win.cc(426)] unexpected header
[0511/121728.848:ERROR:crash_report_database_win.cc(426)] unexpected header
[0511/122034.802:ERROR:crash_report_database_win.cc(426)] unexpected header
[0511/122451.593:ERROR:crash_report_database_win.cc(426)] unexpected header
[0511/122728.819:ERROR:crash_report_database_win.cc(426)] unexpected header
[0511/122728.827:ERROR:crash_report_database_win.cc(426)] unexpected header
[0511/123034.768:ERROR:crash_report_database_win.cc(426)] unexpected header
[0511/123034.769:ERROR:crash_report_database_win.cc(426)] unexpected header
[0511/123045.973:ERROR:crash_report_database_win.cc(426)] unexpected header
[0511/123229.000:ERROR:crash_report_database_win.cc(426)] unexpected header
[0511/123451.569:ERROR:crash_report_database_win.cc(426)] unexpected header
[0511/123451.570:ERROR:crash_report_database_win.cc(426)] unexpected header
[0511/123534.758:ERROR:crash_report_database_win.cc(426)] unexpected header
[0511/123951.566:ERROR:crash_report_database_win.cc(426)] unexpected header
[0511/124545.950:ERROR:crash_report_database_win.cc(426)] unexpected header
[0511/124728.977:ERROR:crash_report_database_win.cc(426)] unexpected header
[0511/125034.736:ERROR:crash_report_database_win.cc(426)] unexpected header
[0511/125451.754:ERROR:crash_report_database_win.cc(426)] unexpected header
[0511/130045.970:ERROR:crash_report_database_win.cc(426)] unexpected header
[0511/130229.002:ERROR:crash_report_database_win.cc(426)] unexpected header
[0511/130534.766:ERROR:crash_report_database_win.cc(426)] unexpected header
[0511/130951.783:ERROR:crash_report_database_win.cc(426)] unexpected header
[0511/131545.968:ERROR:crash_report_database_win.cc(426)] unexpected header
[0511/131728.996:ERROR:crash_report_database_win.cc(426)] unexpected header
[0511/132034.756:ERROR:crash_report_database_win.cc(426)] unexpected header
[0511/132451.769:ERROR:crash_report_database_win.cc(426)] unexpected header
[0511/133045.954:ERROR:crash_report_database_win.cc(426)] unexpected header
[0511/133228.981:ERROR:crash_report_database_win.cc(426)] unexpected header
[0511/133534.967:ERROR:crash_report_database_win.cc(426)] unexpected header
[0511/133951.755:ERROR:crash_report_database_win.cc(426)] unexpected header
[0511/135034.959:ERROR:crash_report_database_win.cc(426)] unexpected header
[0511/135104.628:ERROR:crash_report_database_win.cc(426)] unexpected header
[0511/140104.617:ERROR:crash_report_database_win.cc(426)] unexpected header
[0511/140104.618:ERROR:crash_report_database_win.cc(426)] unexpected header
[0511/140124.029:ERROR:crash_report_database_win.cc(426)] unexpected header
[0511/140746.056:ERROR:crash_report_database_win.cc(426)] unexpected header
[0511/140949.364:ERROR:crash_report_database_win.cc(426)] unexpected header
[0511/141124.053:ERROR:crash_report_database_win.cc(426)] unexpected header
[0511/141124.054:ERROR:crash_report_database_win.cc(426)] unexpected header
[0511/141624.065:ERROR:crash_report_database_win.cc(426)] unexpected header
[0511/141949.377:ERROR:crash_report_database_win.cc(426)] unexpected header
[0511/141949.377:ERROR:crash_report_database_win.cc(426)] unexpected header
[0511/142449.360:ERROR:crash_report_database_win.cc(426)] unexpected header
[0511/142733.854:ERROR:crash_report_database_win.cc(426)] unexpected header
[0511/143040.948:ERROR:crash_report_database_win.cc(426)] unexpected header
[0511/143124.051:ERROR:crash_report_database_win.cc(426)] unexpected header
[0511/143406.000:ERROR:crash_report_database_win.cc(426)] unexpected header
[0511/143748.234:ERROR:crash_report_database_win.cc(426)] unexpected header
[0511/144748.234:ERROR:crash_report_database_win.cc(426)] unexpected header
[0511/144748.235:ERROR:crash_report_database_win.cc(426)] unexpected header
[0511/145248.220:ERROR:crash_report_database_win.cc(426)] unexpected header
[0511/150530.290:ERROR:crash_report_database_win.cc(426)] unexpected header
[0511/150824.922:ERROR:crash_report_database_win.cc(426)] unexpected header
[0511/151715.834:ERROR:crash_report_database_win.cc(426)] unexpected header
[0511/151824.967:ERROR:crash_report_database_win.cc(426)] unexpected header
[0511/151824.970:ERROR:crash_report_database_win.cc(426)] unexpected header
[0511/152255.972:ERROR:crash_report_database_win.cc(426)] unexpected header
[0511/152324.938:ERROR:crash_report_database_win.cc(426)] unexpected header
[0511/152715.833:ERROR:crash_report_database_win.cc(426)] unexpected header
[0511/152715.835:ERROR:crash_report_database_win.cc(426)] unexpected header
[0511/153215.837:ERROR:crash_report_database_win.cc(426)] unexpected header
[0511/153255.964:ERROR:crash_report_database_win.cc(426)] unexpected header
[0511/153255.964:ERROR:crash_report_database_win.cc(426)] unexpected header
[0511/153755.961:ERROR:crash_report_database_win.cc(426)] unexpected header
[0511/153824.926:ERROR:crash_report_database_win.cc(426)] unexpected header
[0511/153917.039:ERROR:crash_report_database_win.cc(426)] unexpected header
[0511/154917.031:ERROR:crash_report_database_win.cc(426)] unexpected header
[0511/154917.031:ERROR:crash_report_database_win.cc(426)] unexpected header
[0511/155417.022:ERROR:crash_report_database_win.cc(426)] unexpected header
[0511/160917.008:ERROR:crash_report_database_win.cc(426)] unexpected header
[0511/161922.705:ERROR:crash_report_database_win.cc(426)] unexpected header
[0511/162417.001:ERROR:crash_report_database_win.cc(426)] unexpected header
[0511/162922.690:ERROR:crash_report_database_win.cc(426)] unexpected header
[0511/162922.690:ERROR:crash_report_database_win.cc(426)] unexpected header
[0511/163422.718:ERROR:crash_report_database_win.cc(426)] unexpected header
[0511/163917.002:ERROR:crash_report_database_win.cc(426)] unexpected header
[0511/164922.702:ERROR:crash_report_database_win.cc(426)] unexpected header
[0511/165416.985:ERROR:crash_report_database_win.cc(426)] unexpected header
[0511/170422.686:ERROR:crash_report_database_win.cc(426)] unexpected header
[0511/170916.976:ERROR:crash_report_database_win.cc(426)] unexpected header
[0511/171922.670:ERROR:crash_report_database_win.cc(426)] unexpected header
[0511/172416.960:ERROR:crash_report_database_win.cc(426)] unexpected header
[0511/173422.671:ERROR:crash_report_database_win.cc(426)] unexpected header
[0511/174026.609:ERROR:crash_report_database_win.cc(426)] unexpected header
[0511/174936.442:ERROR:crash_report_database_win.cc(426)] unexpected header
[0511/175526.846:ERROR:crash_report_database_win.cc(426)] unexpected header
[0511/180436.427:ERROR:crash_report_database_win.cc(426)] unexpected header
[0511/181026.832:ERROR:crash_report_database_win.cc(426)] unexpected header
[0511/181936.424:ERROR:crash_report_database_win.cc(426)] unexpected header
[0511/182526.830:ERROR:crash_report_database_win.cc(426)] unexpected header
[0511/183436.410:ERROR:crash_report_database_win.cc(426)] unexpected header
[0511/184026.813:ERROR:crash_report_database_win.cc(426)] unexpected header
[0511/184936.453:ERROR:crash_report_database_win.cc(426)] unexpected header
[0511/185526.798:ERROR:crash_report_database_win.cc(426)] unexpected header
[0511/190436.658:ERROR:crash_report_database_win.cc(426)] unexpected header
[0511/191026.790:ERROR:crash_report_database_win.cc(426)] unexpected header
[0511/191936.646:ERROR:crash_report_database_win.cc(426)] unexpected header
[0511/192526.842:ERROR:crash_report_database_win.cc(426)] unexpected header
[0511/193436.630:ERROR:crash_report_database_win.cc(426)] unexpected header
[0511/194026.828:ERROR:crash_report_database_win.cc(426)] unexpected header
[0511/194936.694:ERROR:crash_report_database_win.cc(426)] unexpected header
[0511/195526.813:ERROR:crash_report_database_win.cc(426)] unexpected header
[0511/200436.682:ERROR:crash_report_database_win.cc(426)] unexpected header
[0511/201026.800:ERROR:crash_report_database_win.cc(426)] unexpected header
[0511/201936.679:ERROR:crash_report_database_win.cc(426)] unexpected header
[0511/202526.787:ERROR:crash_report_database_win.cc(426)] unexpected header
[0511/203436.665:ERROR:crash_report_database_win.cc(426)] unexpected header
[0511/204026.772:ERROR:crash_report_database_win.cc(426)] unexpected header
[0511/204936.663:ERROR:crash_report_database_win.cc(426)] unexpected header
[0511/205526.759:ERROR:crash_report_database_win.cc(426)] unexpected header
[0511/210436.745:ERROR:crash_report_database_win.cc(426)] unexpected header
[0511/211026.752:ERROR:crash_report_database_win.cc(426)] unexpected header
[0511/211936.740:ERROR:crash_report_database_win.cc(426)] unexpected header
[0511/212526.748:ERROR:crash_report_database_win.cc(426)] unexpected header
[0511/213436.735:ERROR:crash_report_database_win.cc(426)] unexpected header
[0511/214026.765:ERROR:crash_report_database_win.cc(426)] unexpected header
[0511/214936.722:ERROR:crash_report_database_win.cc(426)] unexpected header
[0511/215526.752:ERROR:crash_report_database_win.cc(426)] unexpected header
[0511/220436.711:ERROR:crash_report_database_win.cc(426)] unexpected header
[0511/221026.736:ERROR:crash_report_database_win.cc(426)] unexpected header
[0511/221936.696:ERROR:crash_report_database_win.cc(426)] unexpected header
[0511/222526.728:ERROR:crash_report_database_win.cc(426)] unexpected header
[0511/223436.689:ERROR:crash_report_database_win.cc(426)] unexpected header
[0511/224026.720:ERROR:crash_report_database_win.cc(426)] unexpected header
[0512/091554.407:ERROR:crash_report_database_win.cc(426)] unexpected header
[0512/092144.381:ERROR:crash_report_database_win.cc(426)] unexpected header
[0512/093054.317:ERROR:crash_report_database_win.cc(426)] unexpected header
[0512/093644.437:ERROR:crash_report_database_win.cc(426)] unexpected header
[0512/094554.316:ERROR:crash_report_database_win.cc(426)] unexpected header
[0512/095144.442:ERROR:crash_report_database_win.cc(426)] unexpected header
[0512/100054.347:ERROR:crash_report_database_win.cc(426)] unexpected header
[0512/100644.454:ERROR:crash_report_database_win.cc(426)] unexpected header
[0512/101554.366:ERROR:crash_report_database_win.cc(426)] unexpected header
[0524/171112.576:ERROR:process_info.cc(625)] range at 0x3e703a2200000000, size 0xdb fully unreadable
[0524/171112.579:ERROR:process_info.cc(625)] range at 0x3e703a8400000000, size 0xdb fully unreadable
[0524/171112.579:ERROR:process_info.cc(625)] range at 0x0, size 0xdb fully unreadable
[0605/230844.292:ERROR:process_info.cc(625)] range at 0x1785340000000000, size 0xa7 fully unreadable
[0605/230844.297:ERROR:process_info.cc(625)] range at 0x1785342000000000, size 0xa7 fully unreadable
[0605/230844.297:ERROR:process_info.cc(625)] range at 0x0, size 0xa7 fully unreadable
[0605/230845.049:ERROR:process_info.cc(625)] range at 0x607a340000000000, size 0x89 fully unreadable
[0605/230845.053:ERROR:process_info.cc(625)] range at 0x607a342000000000, size 0x89 fully unreadable
[0605/230845.053:ERROR:process_info.cc(625)] range at 0x0, size 0x89 fully unreadable
[0605/230848.523:ERROR:process_info.cc(625)] range at 0xa44e340000000000, size 0x3f fully unreadable
[0605/230848.527:ERROR:process_info.cc(625)] range at 0xa44e342000000000, size 0x3f fully unreadable
[0605/230848.527:ERROR:process_info.cc(625)] range at 0x0, size 0x3f fully unreadable
[0605/230913.305:ERROR:process_info.cc(625)] range at 0x3b6a33f800000000, size 0xb3 fully unreadable
[0605/230913.308:ERROR:process_info.cc(625)] range at 0x3b6a341800000000, size 0xb3 fully unreadable
[0605/230913.308:ERROR:process_info.cc(625)] range at 0x0, size 0xb3 fully unreadable
[0814/140301.592:ERROR:process_info.cc(632)] range at 0x3d1c395000000000, size 0x31 fully unreadable
[0814/140307.533:ERROR:process_info.cc(632)] range at 0x3d1c397000000000, size 0x31 fully unreadable
[0814/140307.534:ERROR:process_info.cc(632)] range at 0x0, size 0x31 fully unreadable
